
  .   ____          _            __ _ _
 /\\ / ___'_ __ _ _(_)_ __  __ _ \ \ \ \
( ( )\___ | '_ | '_| | '_ \/ _` | \ \ \ \
 \\/  ___)| |_)| | | | | || (_| |  ) ) ) )
  '  |____| .__|_| |_|_| |_\__, | / / / /
 =========|_|==============|___/=/_/_/_/
 :: Spring Boot ::                (v3.2.5)

2026-06-06T16:37:17.917+06:00  INFO 38112 --- [AutoRent] [           main] carrental.App                            : Starting App v1.0 using Java 25.0.3 with PID 38112 (/Users/bikashtalukder/Downloads/java project web copy/AutoRentWeb/target/AutoRentWeb-1.0.jar started by bikashtalukder in /Users/bikashtalukder/Downloads/java project web copy/AutoRentWeb)
2026-06-06T16:37:17.918+06:00  INFO 38112 --- [AutoRent] [           main] carrental.App                            : No active profile set, falling back to 1 default profile: "default"
2026-06-06T16:37:18.189+06:00  INFO 38112 --- [AutoRent] [           main] .s.d.r.c.RepositoryConfigurationDelegate : Bootstrapping Spring Data JPA repositories in DEFAULT mode.
2026-06-06T16:37:18.197+06:00  INFO 38112 --- [AutoRent] [           main] .s.d.r.c.RepositoryConfigurationDelegate : Finished Spring Data repository scanning in 4 ms. Found 0 JPA repository interfaces.
WARNING: A restricted method in java.lang.System has been called
WARNING: java.lang.System::load has been called by org.apache.tomcat.jni.Library in an unnamed module (jar:nested:/Users/bikashtalukder/Downloads/java%20project%20web%20copy/AutoRentWeb/target/AutoRentWeb-1.0.jar/!BOOT-INF/lib/tomcat-embed-core-10.1.20.jar!/)
WARNING: Use --enable-native-access=ALL-UNNAMED to avoid a warning for callers in this module
WARNING: Restricted methods will be blocked in a future release unless native access is enabled

2026-06-06T16:37:18.387+06:00  INFO 38112 --- [AutoRent] [           main] o.s.b.w.embedded.tomcat.TomcatWebServer  : Tomcat initialized with port 8080 (http)
2026-06-06T16:37:18.392+06:00  INFO 38112 --- [AutoRent] [           main] o.apache.catalina.core.StandardService   : Starting service [Tomcat]
2026-06-06T16:37:18.392+06:00  INFO 38112 --- [AutoRent] [           main] o.apache.catalina.core.StandardEngine    : Starting Servlet engine: [Apache Tomcat/10.1.20]
2026-06-06T16:37:18.402+06:00  INFO 38112 --- [AutoRent] [           main] o.a.c.c.C.[Tomcat].[localhost].[/]       : Initializing Spring embedded WebApplicationContext
2026-06-06T16:37:18.403+06:00  INFO 38112 --- [AutoRent] [           main] w.s.c.ServletWebServerApplicationContext : Root WebApplicationContext: initialization completed in 455 ms
2026-06-06T16:37:18.450+06:00  INFO 38112 --- [AutoRent] [           main] com.zaxxer.hikari.HikariDataSource       : HikariPool-1 - Starting...
2026-06-06T16:37:18.542+06:00  INFO 38112 --- [AutoRent] [           main] com.zaxxer.hikari.pool.HikariPool        : HikariPool-1 - Added connection conn0: url=jdbc:h2:mem:b643c2ef-69bd-4ce8-bcb7-7168f71b0e59 user=SA
2026-06-06T16:37:18.543+06:00  INFO 38112 --- [AutoRent] [           main] com.zaxxer.hikari.HikariDataSource       : HikariPool-1 - Start completed.
2026-06-06T16:37:18.566+06:00  INFO 38112 --- [AutoRent] [           main] o.hibernate.jpa.internal.util.LogHelper  : HHH000204: Processing PersistenceUnitInfo [name: default]
2026-06-06T16:37:18.596+06:00  INFO 38112 --- [AutoRent] [           main] org.hibernate.Version                    : HHH000412: Hibernate ORM core version 6.4.4.Final
2026-06-06T16:37:18.611+06:00  INFO 38112 --- [AutoRent] [           main] o.h.c.internal.RegionFactoryInitiator    : HHH000026: Second-level cache disabled
2026-06-06T16:37:18.725+06:00  INFO 38112 --- [AutoRent] [           main] o.s.o.j.p.SpringPersistenceUnitInfo      : No LoadTimeWeaver setup: ignoring JPA class transformer
2026-06-06T16:37:18.904+06:00  INFO 38112 --- [AutoRent] [           main] o.h.e.t.j.p.i.JtaPlatformInitiator       : HHH000489: No JTA platform available (set 'hibernate.transaction.jta.platform' to enable JTA platform integration)
2026-06-06T16:37:18.906+06:00  INFO 38112 --- [AutoRent] [           main] j.LocalContainerEntityManagerFactoryBean : Initialized JPA EntityManagerFactory for persistence unit 'default'
2026-06-06T16:37:18.934+06:00  WARN 38112 --- [AutoRent] [           main] JpaBaseConfiguration$JpaWebConfiguration : spring.jpa.open-in-view is enabled by default. Therefore, database queries may be performed during view rendering. Explicitly configure spring.jpa.open-in-view to disable this warning
2026-06-06T16:37:19.118+06:00  WARN 38112 --- [AutoRent] [           main] ConfigServletWebServerApplicationContext : Exception encountered during context initialization - cancelling refresh attempt: org.springframework.context.ApplicationContextException: Failed to start bean 'webServerStartStop'
2026-06-06T16:37:19.119+06:00  INFO 38112 --- [AutoRent] [           main] j.LocalContainerEntityManagerFactoryBean : Closing JPA EntityManagerFactory for persistence unit 'default'
2026-06-06T16:37:19.120+06:00  INFO 38112 --- [AutoRent] [           main] com.zaxxer.hikari.HikariDataSource       : HikariPool-1 - Shutdown initiated...
2026-06-06T16:37:19.120+06:00  INFO 38112 --- [AutoRent] [           main] com.zaxxer.hikari.HikariDataSource       : HikariPool-1 - Shutdown completed.
2026-06-06T16:37:19.129+06:00  INFO 38112 --- [AutoRent] [           main] .s.b.a.l.ConditionEvaluationReportLogger : 

Error starting ApplicationContext. To display the condition evaluation report re-run your application with 'debug' enabled.
2026-06-06T16:37:19.135+06:00 ERROR 38112 --- [AutoRent] [           main] o.s.b.d.LoggingFailureAnalysisReporter   : 

***************************
APPLICATION FAILED TO START
***************************

Description:

Web server failed to start. Port 8080 was already in use.

Action:

Identify and stop the process that's listening on port 8080 or configure this application to listen on another port.

